#
# There is insufficient memory for the Java Runtime Environment to continue.
# Native memory allocation (malloc) failed to allocate 1247696 bytes for Chunk::new
# Possible reasons:
#   The system is out of physical RAM or swap space
#   The process is running with CompressedOops enabled, and the Java Heap may be blocking the growth of the native heap
# Possible solutions:
#   Reduce memory load on the system
#   Increase physical memory or swap space
#   Check if swap backing store is full
#   Decrease Java heap size (-Xmx/-Xms)
#   Decrease number of Java threads
#   Decrease Java thread stack sizes (-Xss)
#   Set larger code cache with -XX:ReservedCodeCacheSize=
#   JVM is running with Unscaled Compressed Oops mode in which the Java heap is
#     placed in the first 4GB address space. The Java Heap base address is the
#     maximum limit for the native heap growth. Please use -XX:HeapBaseMinAddress
#     to set the Java Heap base and to place the Java Heap above 4GB virtual address.
# This output file may be truncated or incomplete.
#
#  Out of Memory Error (./open/src/hotspot/share/memory/arena.cpp:197), pid=1912, tid=8420
#
# JRE version: Java(TM) SE Runtime Environment 18.9 (11.0.13+10) (build 11.0.13+10-LTS-370)
# Java VM: Java HotSpot(TM) 64-Bit Server VM 18.9 (11.0.13+10-LTS-370, mixed mode, tiered, compressed oops, g1 gc, windows-amd64)
# No core dump will be written. Minidumps are not enabled by default on client versions of Windows
#

---------------  S U M M A R Y ------------

Command Line: C:\Users\sfjbs\AppData\Local\Temp\surefire12883454451391712874\surefirebooter9150538379399230150.jar C:\Users\sfjbs\AppData\Local\Temp\surefire12883454451391712874 2022-05-24T05-58-19_906-jvmRun1 surefire9167141734109635523tmp surefire_016016563526202370060tmp

Host: Intel(R) Xeon(R) Platinum 8171M CPU @ 2.60GHz, 2 cores, 7G,  Windows 10 , 64 bit Build 19041 (10.0.19041.1706)
Time: Tue May 24 05:58:25 2022 Coordinated Universal Time elapsed time: 4.775189 seconds (0d 0h 0m 4s)

---------------  T H R E A D  ---------------

Current thread (0x000001c6e1c1f000):  JavaThread "C2 CompilerThread0" daemon [_thread_in_native, id=8420, stack(0x0000000299c00000,0x0000000299d00000)]


Current CompileTask:
C2:   4775 1946       4       java.net.URLStreamHandler::parseURL (1201 bytes)

Stack: [0x0000000299c00000,0x0000000299d00000]
Native frames: (J=compiled Java code, j=interpreted, Vv=VM code, C=native code)
V  [jvm.dll+0x62870a]
V  [jvm.dll+0x761f2f]
V  [jvm.dll+0x7635d9]
V  [jvm.dll+0x763c63]
V  [jvm.dll+0x23d728]
V  [jvm.dll+0xb293c]
V  [jvm.dll+0xb2efc]
V  [jvm.dll+0x340872]
V  [jvm.dll+0x30e603]
V  [jvm.dll+0x30d94a]
V  [jvm.dll+0x1f8255]
V  [jvm.dll+0x1f743d]
V  [jvm.dll+0x177991]
V  [jvm.dll+0x206d84]
V  [jvm.dll+0x204ebb]
V  [jvm.dll+0x727e70]
V  [jvm.dll+0x720a54]
V  [jvm.dll+0x627606]
C  [ucrtbase.dll+0x21bb2]
C  [KERNEL32.DLL+0x17034]
C  [ntdll.dll+0x52651]


---------------  P R O C E S S  ---------------

Threads class SMR info:
_java_thread_list=0x000001c6e3bf7480, length=13, elements={
0x000001c6c29d8000, 0x000001c6e1bfb800, 0x000001c6e1c05800, 0x000001c6e1c1c800,
0x000001c6e1c1d000, 0x000001c6e1c1e000, 0x000001c6e1c1f000, 0x000001c6e1c23000,
0x000001c6e1c25000, 0x000001c6e2704000, 0x000001c6e27de800, 0x000001c6e2947800,
0x000001c6e3b02800
}

Java Threads: ( => current thread )
  0x000001c6c29d8000 JavaThread "main" [_thread_in_vm, id=8580, stack(0x0000000299000000,0x0000000299100000)]
  0x000001c6e1bfb800 JavaThread "Reference Handler" daemon [_thread_blocked, id=12256, stack(0x0000000299700000,0x0000000299800000)]
  0x000001c6e1c05800 JavaThread "Finalizer" daemon [_thread_blocked, id=2928, stack(0x0000000299800000,0x0000000299900000)]
  0x000001c6e1c1c800 JavaThread "Signal Dispatcher" daemon [_thread_blocked, id=8224, stack(0x0000000299900000,0x0000000299a00000)]
  0x000001c6e1c1d000 JavaThread "Attach Listener" daemon [_thread_blocked, id=9564, stack(0x0000000299a00000,0x0000000299b00000)]
  0x000001c6e1c1e000 JavaThread "Service Thread" daemon [_thread_blocked, id=7884, stack(0x0000000299b00000,0x0000000299c00000)]
=>0x000001c6e1c1f000 JavaThread "C2 CompilerThread0" daemon [_thread_in_native, id=8420, stack(0x0000000299c00000,0x0000000299d00000)]
  0x000001c6e1c23000 JavaThread "C1 CompilerThread0" daemon [_thread_blocked, id=2220, stack(0x0000000299d00000,0x0000000299e00000)]
  0x000001c6e1c25000 JavaThread "Sweeper thread" daemon [_thread_blocked, id=10812, stack(0x0000000299e00000,0x0000000299f00000)]
  0x000001c6e2704000 JavaThread "Common-Cleaner" daemon [_thread_blocked, id=12016, stack(0x000000029a000000,0x000000029a100000)]
  0x000001c6e27de800 JavaThread "surefire-forkedjvm-command-thread" daemon [_thread_in_native, id=11436, stack(0x000000029a100000,0x000000029a200000)]
  0x000001c6e2947800 JavaThread "surefire-forkedjvm-ping-30s" daemon [_thread_in_native, id=3968, stack(0x000000029a200000,0x000000029a300000)]
  0x000001c6e3b02800 JavaThread "background-preinit" [_thread_blocked, id=3384, stack(0x000000029a500000,0x000000029a600000)]

Other Threads:
  0x000001c6e1bf9000 VMThread "VM Thread" [stack: 0x0000000299600000,0x0000000299700000] [id=9348]
  0x000001c6e26ff000 WatcherThread [stack: 0x0000000299f00000,0x000000029a000000] [id=6764]
  0x000001c6c29e8000 GCTaskThread "GC Thread#0" [stack: 0x0000000299100000,0x0000000299200000] [id=3592]
  0x000001c6e2a3d000 GCTaskThread "GC Thread#1" [stack: 0x000000029a300000,0x000000029a400000] [id=4840]
  0x000001c6c2a1c000 ConcurrentGCThread "G1 Main Marker" [stack: 0x0000000299200000,0x0000000299300000] [id=7508]
  0x000001c6c2a1d000 ConcurrentGCThread "G1 Conc#0" [stack: 0x0000000299300000,0x0000000299400000] [id=3076]
  0x000001c6c2aa7000 ConcurrentGCThread "G1 Refine#0" [stack: 0x0000000299400000,0x0000000299500000] [id=10984]
  0x000001c6e2aab800 ConcurrentGCThread "G1 Refine#1" [stack: 0x000000029a400000,0x000000029a500000] [id=10956]
  0x000001c6c2aa8000 ConcurrentGCThread "G1 Young RemSet Sampling" [stack: 0x0000000299500000,0x0000000299600000] [id=11068]

Threads with active compile tasks:
C2 CompilerThread0   4802 1946       4       java.net.URLStreamHandler::parseURL (1201 bytes)

VM state:not at safepoint (normal execution)

VM Mutex/Monitor currently owned by a thread:  ([mutex/lock_event])
[0x000001c6c29d3fc0] SystemDictionary_lock - owner thread: 0x000001c6c29d8000

Heap address: 0x0000000080000000, size: 2048 MB, Compressed Oops mode: 32-bit
Narrow klass base: 0x0000000000000000, Narrow klass shift: 3
Compressed class space size: 1073741824 Address: 0x0000000100000000

Heap:
 garbage-first heap   total 131072K, used 18344K [0x0000000080000000, 0x0000000100000000)
  region size 1024K, 15 young (15360K), 4 survivors (4096K)
 Metaspace       used 22246K, capacity 23026K, committed 23216K, reserved 1069056K
  class space    used 2550K, capacity 2871K, committed 2992K, reserved 1048576K
Heap Regions: E=young(eden), S=young(survivor), O=old, HS=humongous(starts), HC=humongous(continues), CS=collection set, F=free, A=archive, TAMS=top-at-mark-start (previous, next)
|   0|0x0000000080000000, 0x0000000080100000, 0x0000000080100000|100%| O|  |TAMS 0x0000000080100000, 0x0000000080000000| Untracked 
|   1|0x0000000080100000, 0x0000000080200000, 0x0000000080200000|100%| O|  |TAMS 0x0000000080200000, 0x0000000080100000| Untracked 
|   2|0x0000000080200000, 0x0000000080300000, 0x0000000080300000|100%| O|  |TAMS 0x0000000080300000, 0x0000000080200000| Untracked 
|   3|0x0000000080300000, 0x0000000080400000, 0x0000000080400000|100%| O|  |TAMS 0x0000000080400000, 0x0000000080300000| Untracked 
|   4|0x0000000080400000, 0x000000008043de00, 0x0000000080500000| 24%| O|  |TAMS 0x000000008043de00, 0x0000000080400000| Untracked 
|   5|0x0000000080500000, 0x0000000080500000, 0x0000000080600000|  0%| F|  |TAMS 0x0000000080500000, 0x0000000080500000| Untracked 
|   6|0x0000000080600000, 0x0000000080600000, 0x0000000080700000|  0%| F|  |TAMS 0x0000000080600000, 0x0000000080600000| Untracked 
|   7|0x0000000080700000, 0x0000000080700000, 0x0000000080800000|  0%| F|  |TAMS 0x0000000080700000, 0x0000000080700000| Untracked 
|   8|0x0000000080800000, 0x0000000080800000, 0x0000000080900000|  0%| F|  |TAMS 0x0000000080800000, 0x0000000080800000| Untracked 
|   9|0x0000000080900000, 0x0000000080900000, 0x0000000080a00000|  0%| F|  |TAMS 0x0000000080900000, 0x0000000080900000| Untracked 
|  10|0x0000000080a00000, 0x0000000080a00000, 0x0000000080b00000|  0%| F|  |TAMS 0x0000000080a00000, 0x0000000080a00000| Untracked 
|  11|0x0000000080b00000, 0x0000000080b00000, 0x0000000080c00000|  0%| F|  |TAMS 0x0000000080b00000, 0x0000000080b00000| Untracked 
|  12|0x0000000080c00000, 0x0000000080c00000, 0x0000000080d00000|  0%| F|  |TAMS 0x0000000080c00000, 0x0000000080c00000| Untracked 
|  13|0x0000000080d00000, 0x0000000080d00000, 0x0000000080e00000|  0%| F|  |TAMS 0x0000000080d00000, 0x0000000080d00000| Untracked 
|  14|0x0000000080e00000, 0x0000000080e00000, 0x0000000080f00000|  0%| F|  |TAMS 0x0000000080e00000, 0x0000000080e00000| Untracked 
|  15|0x0000000080f00000, 0x0000000080f00000, 0x0000000081000000|  0%| F|  |TAMS 0x0000000080f00000, 0x0000000080f00000| Untracked 
|  16|0x0000000081000000, 0x0000000081000000, 0x0000000081100000|  0%| F|  |TAMS 0x0000000081000000, 0x0000000081000000| Untracked 
|  17|0x0000000081100000, 0x0000000081100000, 0x0000000081200000|  0%| F|  |TAMS 0x0000000081100000, 0x0000000081100000| Untracked 
|  18|0x0000000081200000, 0x0000000081200000, 0x0000000081300000|  0%| F|  |TAMS 0x0000000081200000, 0x0000000081200000| Untracked 
|  19|0x0000000081300000, 0x0000000081300000, 0x0000000081400000|  0%| F|  |TAMS 0x0000000081300000, 0x0000000081300000| Untracked 
|  20|0x0000000081400000, 0x0000000081400000, 0x0000000081500000|  0%| F|  |TAMS 0x0000000081400000, 0x0000000081400000| Untracked 
|  21|0x0000000081500000, 0x0000000081500000, 0x0000000081600000|  0%| F|  |TAMS 0x0000000081500000, 0x0000000081500000| Untracked 
|  22|0x0000000081600000, 0x0000000081600000, 0x0000000081700000|  0%| F|  |TAMS 0x0000000081600000, 0x0000000081600000| Untracked 
|  23|0x0000000081700000, 0x0000000081700000, 0x0000000081800000|  0%| F|  |TAMS 0x0000000081700000, 0x0000000081700000| Untracked 
|  24|0x0000000081800000, 0x0000000081800000, 0x0000000081900000|  0%| F|  |TAMS 0x0000000081800000, 0x0000000081800000| Untracked 
|  25|0x0000000081900000, 0x0000000081900000, 0x0000000081a00000|  0%| F|  |TAMS 0x0000000081900000, 0x0000000081900000| Untracked 
|  26|0x0000000081a00000, 0x0000000081a00000, 0x0000000081b00000|  0%| F|  |TAMS 0x0000000081a00000, 0x0000000081a00000| Untracked 
|  27|0x0000000081b00000, 0x0000000081b00000, 0x0000000081c00000|  0%| F|  |TAMS 0x0000000081b00000, 0x0000000081b00000| Untracked 
|  28|0x0000000081c00000, 0x0000000081c00000, 0x0000000081d00000|  0%| F|  |TAMS 0x0000000081c00000, 0x0000000081c00000| Untracked 
|  29|0x0000000081d00000, 0x0000000081d00000, 0x0000000081e00000|  0%| F|  |TAMS 0x0000000081d00000, 0x0000000081d00000| Untracked 
|  30|0x0000000081e00000, 0x0000000081e00000, 0x0000000081f00000|  0%| F|  |TAMS 0x0000000081e00000, 0x0000000081e00000| Untracked 
|  31|0x0000000081f00000, 0x0000000081f00000, 0x0000000082000000|  0%| F|  |TAMS 0x0000000081f00000, 0x0000000081f00000| Untracked 
|  32|0x0000000082000000, 0x0000000082000000, 0x0000000082100000|  0%| F|  |TAMS 0x0000000082000000, 0x0000000082000000| Untracked 
|  33|0x0000000082100000, 0x0000000082100000, 0x0000000082200000|  0%| F|  |TAMS 0x0000000082100000, 0x0000000082100000| Untracked 
|  34|0x0000000082200000, 0x0000000082200000, 0x0000000082300000|  0%| F|  |TAMS 0x0000000082200000, 0x0000000082200000| Untracked 
|  35|0x0000000082300000, 0x0000000082300000, 0x0000000082400000|  0%| F|  |TAMS 0x0000000082300000, 0x0000000082300000| Untracked 
|  36|0x0000000082400000, 0x0000000082400000, 0x0000000082500000|  0%| F|  |TAMS 0x0000000082400000, 0x0000000082400000| Untracked 
|  37|0x0000000082500000, 0x0000000082500000, 0x0000000082600000|  0%| F|  |TAMS 0x0000000082500000, 0x0000000082500000| Untracked 
|  38|0x0000000082600000, 0x0000000082600000, 0x0000000082700000|  0%| F|  |TAMS 0x0000000082600000, 0x0000000082600000| Untracked 
|  39|0x0000000082700000, 0x0000000082700000, 0x0000000082800000|  0%| F|  |TAMS 0x0000000082700000, 0x0000000082700000| Untracked 
|  40|0x0000000082800000, 0x0000000082800000, 0x0000000082900000|  0%| F|  |TAMS 0x0000000082800000, 0x0000000082800000| Untracked 
|  41|0x0000000082900000, 0x0000000082900000, 0x0000000082a00000|  0%| F|  |TAMS 0x0000000082900000, 0x0000000082900000| Untracked 
|  42|0x0000000082a00000, 0x0000000082a00000, 0x0000000082b00000|  0%| F|  |TAMS 0x0000000082a00000, 0x0000000082a00000| Untracked 
|  43|0x0000000082b00000, 0x0000000082b00000, 0x0000000082c00000|  0%| F|  |TAMS 0x0000000082b00000, 0x0000000082b00000| Untracked 
|  44|0x0000000082c00000, 0x0000000082c00000, 0x0000000082d00000|  0%| F|  |TAMS 0x0000000082c00000, 0x0000000082c00000| Untracked 
|  45|0x0000000082d00000, 0x0000000082d00000, 0x0000000082e00000|  0%| F|  |TAMS 0x0000000082d00000, 0x0000000082d00000| Untracked 
|  46|0x0000000082e00000, 0x0000000082e00000, 0x0000000082f00000|  0%| F|  |TAMS 0x0000000082e00000, 0x0000000082e00000| Untracked 
|  47|0x0000000082f00000, 0x0000000082f00000, 0x0000000083000000|  0%| F|  |TAMS 0x0000000082f00000, 0x0000000082f00000| Untracked 
|  48|0x0000000083000000, 0x0000000083000000, 0x0000000083100000|  0%| F|  |TAMS 0x0000000083000000, 0x0000000083000000| Untracked 
|  49|0x0000000083100000, 0x0000000083100000, 0x0000000083200000|  0%| F|  |TAMS 0x0000000083100000, 0x0000000083100000| Untracked 
|  50|0x0000000083200000, 0x0000000083200000, 0x0000000083300000|  0%| F|  |TAMS 0x0000000083200000, 0x0000000083200000| Untracked 
|  51|0x0000000083300000, 0x0000000083300000, 0x0000000083400000|  0%| F|  |TAMS 0x0000000083300000, 0x0000000083300000| Untracked 
|  52|0x0000000083400000, 0x0000000083400000, 0x0000000083500000|  0%| F|  |TAMS 0x0000000083400000, 0x0000000083400000| Untracked 
|  53|0x0000000083500000, 0x0000000083500000, 0x0000000083600000|  0%| F|  |TAMS 0x0000000083500000, 0x0000000083500000| Untracked 
|  54|0x0000000083600000, 0x0000000083600000, 0x0000000083700000|  0%| F|  |TAMS 0x0000000083600000, 0x0000000083600000| Untracked 
|  55|0x0000000083700000, 0x0000000083700000, 0x0000000083800000|  0%| F|  |TAMS 0x0000000083700000, 0x0000000083700000| Untracked 
|  56|0x0000000083800000, 0x0000000083800000, 0x0000000083900000|  0%| F|  |TAMS 0x0000000083800000, 0x0000000083800000| Untracked 
|  57|0x0000000083900000, 0x0000000083900000, 0x0000000083a00000|  0%| F|  |TAMS 0x0000000083900000, 0x0000000083900000| Untracked 
|  58|0x0000000083a00000, 0x0000000083a00000, 0x0000000083b00000|  0%| F|  |TAMS 0x0000000083a00000, 0x0000000083a00000| Untracked 
|  59|0x0000000083b00000, 0x0000000083b00000, 0x0000000083c00000|  0%| F|  |TAMS 0x0000000083b00000, 0x0000000083b00000| Untracked 
|  60|0x0000000083c00000, 0x0000000083c00000, 0x0000000083d00000|  0%| F|  |TAMS 0x0000000083c00000, 0x0000000083c00000| Untracked 
|  61|0x0000000083d00000, 0x0000000083d00000, 0x0000000083e00000|  0%| F|  |TAMS 0x0000000083d00000, 0x0000000083d00000| Untracked 
|  62|0x0000000083e00000, 0x0000000083e00000, 0x0000000083f00000|  0%| F|  |TAMS 0x0000000083e00000, 0x0000000083e00000| Untracked 
|  63|0x0000000083f00000, 0x0000000083f00000, 0x0000000084000000|  0%| F|  |TAMS 0x0000000083f00000, 0x0000000083f00000| Untracked 
|  64|0x0000000084000000, 0x0000000084000000, 0x0000000084100000|  0%| F|  |TAMS 0x0000000084000000, 0x0000000084000000| Untracked 
|  65|0x0000000084100000, 0x0000000084100000, 0x0000000084200000|  0%| F|  |TAMS 0x0000000084100000, 0x0000000084100000| Untracked 
|  66|0x0000000084200000, 0x0000000084200000, 0x0000000084300000|  0%| F|  |TAMS 0x0000000084200000, 0x0000000084200000| Untracked 
|  67|0x0000000084300000, 0x0000000084300000, 0x0000000084400000|  0%| F|  |TAMS 0x0000000084300000, 0x0000000084300000| Untracked 
|  68|0x0000000084400000, 0x0000000084400000, 0x0000000084500000|  0%| F|  |TAMS 0x0000000084400000, 0x0000000084400000| Untracked 
|  69|0x0000000084500000, 0x0000000084500000, 0x0000000084600000|  0%| F|  |TAMS 0x0000000084500000, 0x0000000084500000| Untracked 
|  70|0x0000000084600000, 0x0000000084600000, 0x0000000084700000|  0%| F|  |TAMS 0x0000000084600000, 0x0000000084600000| Untracked 
|  71|0x0000000084700000, 0x0000000084700000, 0x0000000084800000|  0%| F|  |TAMS 0x0000000084700000, 0x0000000084700000| Untracked 
|  72|0x0000000084800000, 0x0000000084800000, 0x0000000084900000|  0%| F|  |TAMS 0x0000000084800000, 0x0000000084800000| Untracked 
|  73|0x0000000084900000, 0x0000000084900000, 0x0000000084a00000|  0%| F|  |TAMS 0x0000000084900000, 0x0000000084900000| Untracked 
|  74|0x0000000084a00000, 0x0000000084a00000, 0x0000000084b00000|  0%| F|  |TAMS 0x0000000084a00000, 0x0000000084a00000| Untracked 
|  75|0x0000000084b00000, 0x0000000084b00000, 0x0000000084c00000|  0%| F|  |TAMS 0x0000000084b00000, 0x0000000084b00000| Untracked 
|  76|0x0000000084c00000, 0x0000000084c00000, 0x0000000084d00000|  0%| F|  |TAMS 0x0000000084c00000, 0x0000000084c00000| Untracked 
|  77|0x0000000084d00000, 0x0000000084d00000, 0x0000000084e00000|  0%| F|  |TAMS 0x0000000084d00000, 0x0000000084d00000| Untracked 
|  78|0x0000000084e00000, 0x0000000084e00000, 0x0000000084f00000|  0%| F|  |TAMS 0x0000000084e00000, 0x0000000084e00000| Untracked 
|  79|0x0000000084f00000, 0x0000000084f00000, 0x0000000085000000|  0%| F|  |TAMS 0x0000000084f00000, 0x0000000084f00000| Untracked 
|  80|0x0000000085000000, 0x0000000085000000, 0x0000000085100000|  0%| F|  |TAMS 0x0000000085000000, 0x0000000085000000| Untracked 
|  81|0x0000000085100000, 0x0000000085100000, 0x0000000085200000|  0%| F|  |TAMS 0x0000000085100000, 0x0000000085100000| Untracked 
|  82|0x0000000085200000, 0x0000000085200000, 0x0000000085300000|  0%| F|  |TAMS 0x0000000085200000, 0x0000000085200000| Untracked 
|  83|0x0000000085300000, 0x0000000085300000, 0x0000000085400000|  0%| F|  |TAMS 0x0000000085300000, 0x0000000085300000| Untracked 
|  84|0x0000000085400000, 0x0000000085400000, 0x0000000085500000|  0%| F|  |TAMS 0x0000000085400000, 0x0000000085400000| Untracked 
|  85|0x0000000085500000, 0x0000000085500000, 0x0000000085600000|  0%| F|  |TAMS 0x0000000085500000, 0x0000000085500000| Untracked 
|  86|0x0000000085600000, 0x0000000085600000, 0x0000000085700000|  0%| F|  |TAMS 0x0000000085600000, 0x0000000085600000| Untracked 
|  87|0x0000000085700000, 0x0000000085700000, 0x0000000085800000|  0%| F|  |TAMS 0x0000000085700000, 0x0000000085700000| Untracked 
|  88|0x0000000085800000, 0x0000000085800000, 0x0000000085900000|  0%| F|  |TAMS 0x0000000085800000, 0x0000000085800000| Untracked 
|  89|0x0000000085900000, 0x0000000085900000, 0x0000000085a00000|  0%| F|  |TAMS 0x0000000085900000, 0x0000000085900000| Untracked 
|  90|0x0000000085a00000, 0x0000000085a00000, 0x0000000085b00000|  0%| F|  |TAMS 0x0000000085a00000, 0x0000000085a00000| Untracked 
|  91|0x0000000085b00000, 0x0000000085b00000, 0x0000000085c00000|  0%| F|  |TAMS 0x0000000085b00000, 0x0000000085b00000| Untracked 
|  92|0x0000000085c00000, 0x0000000085c00000, 0x0000000085d00000|  0%| F|  |TAMS 0x0000000085c00000, 0x0000000085c00000| Untracked 
|  93|0x0000000085d00000, 0x0000000085d00000, 0x0000000085e00000|  0%| F|  |TAMS 0x0000000085d00000, 0x0000000085d00000| Untracked 
|  94|0x0000000085e00000, 0x0000000085e00000, 0x0000000085f00000|  0%| F|  |TAMS 0x0000000085e00000, 0x0000000085e00000| Untracked 
|  95|0x0000000085f00000, 0x0000000085f00000, 0x0000000086000000|  0%| F|  |TAMS 0x0000000085f00000, 0x0000000085f00000| Untracked 
|  96|0x0000000086000000, 0x0000000086000000, 0x0000000086100000|  0%| F|  |TAMS 0x0000000086000000, 0x0000000086000000| Untracked 
|  97|0x0000000086100000, 0x0000000086100000, 0x0000000086200000|  0%| F|  |TAMS 0x0000000086100000, 0x0000000086100000| Untracked 
|  98|0x0000000086200000, 0x0000000086200000, 0x0000000086300000|  0%| F|  |TAMS 0x0000000086200000, 0x0000000086200000| Untracked 
|  99|0x0000000086300000, 0x0000000086300000, 0x0000000086400000|  0%| F|  |TAMS 0x0000000086300000, 0x0000000086300000| Untracked 
| 100|0x0000000086400000, 0x0000000086400000, 0x0000000086500000|  0%| F|  |TAMS 0x0000000086400000, 0x0000000086400000| Untracked 
| 101|0x0000000086500000, 0x0000000086500000, 0x0000000086600000|  0%| F|  |TAMS 0x0000000086500000, 0x0000000086500000| Untracked 
| 102|0x0000000086600000, 0x0000000086600000, 0x0000000086700000|  0%| F|  |TAMS 0x0000000086600000, 0x0000000086600000| Untracked 
| 103|0x0000000086700000, 0x0000000086700000, 0x0000000086800000|  0%| F|  |TAMS 0x0000000086700000, 0x0000000086700000| Untracked 
| 104|0x0000000086800000, 0x0000000086800000, 0x0000000086900000|  0%| F|  |TAMS 0x0000000086800000, 0x0000000086800000| Untracked 
| 105|0x0000000086900000, 0x0000000086900000, 0x0000000086a00000|  0%| F|  |TAMS 0x0000000086900000, 0x0000000086900000| Untracked 
| 106|0x0000000086a00000, 0x0000000086a00000, 0x0000000086b00000|  0%| F|  |TAMS 0x0000000086a00000, 0x0000000086a00000| Untracked 
| 107|0x0000000086b00000, 0x0000000086b00000, 0x0000000086c00000|  0%| F|  |TAMS 0x0000000086b00000, 0x0000000086b00000| Untracked 
| 108|0x0000000086c00000, 0x0000000086c00000, 0x0000000086d00000|  0%| F|  |TAMS 0x0000000086c00000, 0x0000000086c00000| Untracked 
| 109|0x0000000086d00000, 0x0000000086d00000, 0x0000000086e00000|  0%| F|  |TAMS 0x0000000086d00000, 0x0000000086d00000| Untracked 
| 110|0x0000000086e00000, 0x0000000086e00000, 0x0000000086f00000|  0%| F|  |TAMS 0x0000000086e00000, 0x0000000086e00000| Untracked 
| 111|0x0000000086f00000, 0x0000000086f00000, 0x0000000087000000|  0%| F|  |TAMS 0x0000000086f00000, 0x0000000086f00000| Untracked 
| 112|0x0000000087000000, 0x0000000087000000, 0x0000000087100000|  0%| F|  |TAMS 0x0000000087000000, 0x0000000087000000| Untracked 
| 113|0x0000000087100000, 0x00000000871b2018, 0x0000000087200000| 69%| E|  |TAMS 0x0000000087100000, 0x0000000087100000| Complete 
| 114|0x0000000087200000, 0x0000000087300000, 0x0000000087300000|100%| E|CS|TAMS 0x0000000087200000, 0x0000000087200000| Complete 
| 115|0x0000000087300000, 0x00000000873ac3a0, 0x0000000087400000| 67%| S|CS|TAMS 0x0000000087300000, 0x0000000087300000| Complete 
| 116|0x0000000087400000, 0x0000000087500000, 0x0000000087500000|100%| S|CS|TAMS 0x0000000087400000, 0x0000000087400000| Complete 
| 117|0x0000000087500000, 0x0000000087600000, 0x0000000087600000|100%| S|CS|TAMS 0x0000000087500000, 0x0000000087500000| Complete 
| 118|0x0000000087600000, 0x0000000087700000, 0x0000000087700000|100%| S|CS|TAMS 0x0000000087600000, 0x0000000087600000| Complete 
| 119|0x0000000087700000, 0x0000000087800000, 0x0000000087800000|100%| E|CS|TAMS 0x0000000087700000, 0x0000000087700000| Complete 
| 120|0x0000000087800000, 0x0000000087900000, 0x0000000087900000|100%| E|CS|TAMS 0x0000000087800000, 0x0000000087800000| Complete 
| 121|0x0000000087900000, 0x0000000087a00000, 0x0000000087a00000|100%| E|CS|TAMS 0x0000000087900000, 0x0000000087900000| Complete 
| 122|0x0000000087a00000, 0x0000000087b00000, 0x0000000087b00000|100%| E|CS|TAMS 0x0000000087a00000, 0x0000000087a00000| Complete 
| 123|0x0000000087b00000, 0x0000000087c00000, 0x0000000087c00000|100%| E|CS|TAMS 0x0000000087b00000, 0x0000000087b00000| Complete 
| 124|0x0000000087c00000, 0x0000000087d00000, 0x0000000087d00000|100%| E|CS|TAMS 0x0000000087c00000, 0x0000000087c00000| Complete 
| 125|0x0000000087d00000, 0x0000000087e00000, 0x0000000087e00000|100%| E|CS|TAMS 0x0000000087d00000, 0x0000000087d00000| Complete 
| 126|0x0000000087e00000, 0x0000000087f00000, 0x0000000087f00000|100%| E|CS|TAMS 0x0000000087e00000, 0x0000000087e00000| Complete 
| 127|0x0000000087f00000, 0x0000000088000000, 0x0000000088000000|100%| E|CS|TAMS 0x0000000087f00000, 0x0000000087f00000| Complete 

Card table byte_map: [0x000001c6daff0000,0x000001c6db3f0000] _byte_map_base: 0x000001c6dabf0000

Marking Bits (Prev, Next): (CMBitMap*) 0x000001c6c2a13020, (CMBitMap*) 0x000001c6c2a12fe8
 Prev Bits: [0x000001c6dd7f0000, 0x000001c6df7f0000)
 Next Bits: [0x000001c6db7f0000, 0x000001c6dd7f0000)

Polling page: 0x000001c6c2ac0000

Metaspace:

Usage:
  Non-class:     19.68 MB capacity,    19.23 MB ( 98%) used,   370.99 KB (  2%) free+waste,    88.00 KB ( <1%) overhead. 
      Class:      2.80 MB capacity,     2.49 MB ( 89%) used,   273.79 KB ( 10%) free+waste,    46.44 KB (  2%) overhead. 
       Both:     22.49 MB capacity,    21.73 MB ( 97%) used,   644.78 KB (  3%) free+waste,   134.44 KB ( <1%) overhead. 

Virtual space:
  Non-class space:       20.00 MB reserved,      19.75 MB ( 99%) committed 
      Class space:        1.00 GB reserved,       2.92 MB ( <1%) committed 
             Both:        1.02 GB reserved,      22.67 MB (  2%) committed 

Chunk freelists:
   Non-Class:  640 bytes
       Class:  0 bytes
        Both:  640 bytes

CodeHeap 'non-profiled nmethods': size=120064Kb used=775Kb max_used=775Kb free=119288Kb
 bounds [0x000001c6d32b0000, 0x000001c6d3520000, 0x000001c6da7f0000]
CodeHeap 'profiled nmethods': size=120000Kb used=3847Kb max_used=3847Kb free=116152Kb
 bounds [0x000001c6cbd80000, 0x000001c6cc150000, 0x000001c6d32b0000]
CodeHeap 'non-nmethods': size=5696Kb used=1121Kb max_used=1158Kb free=4574Kb
 bounds [0x000001c6cb7f0000, 0x000001c6cba60000, 0x000001c6cbd80000]
 total_blobs=2408 nmethods=1966 adapters=353
 compilation: enabled
              stopped_count=0, restarted_count=0
 full_count=0

Compilation events (10 events):
Event: 4.681 Thread 0x000001c6e1c23000 1965       3       java.lang.invoke.ClassSpecializer$Factory$1Var::nextIndex (18 bytes)
Event: 4.682 Thread 0x000001c6e1c23000 nmethod 1965 0x000001c6cc13e590 code [0x000001c6cc13e740, 0x000001c6cc13e9f8]
Event: 4.765 Thread 0x000001c6e1c23000 1966       3       java.util.ArrayList::toArray (12 bytes)
Event: 4.765 Thread 0x000001c6e1c23000 nmethod 1966 0x000001c6cc13eb10 code [0x000001c6cc13ecc0, 0x000001c6cc13ee88]
Event: 4.767 Thread 0x000001c6e1c23000 1968       3       java.lang.invoke.ClassSpecializer$Factory$1Var::emitFieldInsn (18 bytes)
Event: 4.768 Thread 0x000001c6e1c23000 nmethod 1968 0x000001c6cc13ef90 code [0x000001c6cc13f140, 0x000001c6cc13f308]
Event: 4.770 Thread 0x000001c6e1c23000 1970       3       java.util.ArrayList::grow (18 bytes)
Event: 4.770 Thread 0x000001c6e1c23000 nmethod 1970 0x000001c6cc13f410 code [0x000001c6cc13f5c0, 0x000001c6cc13f818]
Event: 4.771 Thread 0x000001c6e1c23000 1972       3       java.lang.invoke.ClassSpecializer$Factory$1Var::<init> (146 bytes)
Event: 4.773 Thread 0x000001c6e1c23000 nmethod 1972 0x000001c6cc13f910 code [0x000001c6cc13fd00, 0x000001c6cc1415f8]

GC Heap History (8 events):
Event: 0.543 GC heap before
{Heap before GC invocations=0 (full 0):
 garbage-first heap   total 131072K, used 6144K [0x0000000080000000, 0x0000000100000000)
  region size 1024K, 7 young (7168K), 0 survivors (0K)
 Metaspace       used 8977K, capacity 9117K, committed 9344K, reserved 1058816K
  class space    used 811K, capacity 876K, committed 896K, reserved 1048576K
}
Event: 0.555 GC heap after
{Heap after GC invocations=1 (full 0):
 garbage-first heap   total 131072K, used 2428K [0x0000000080000000, 0x0000000100000000)
  region size 1024K, 1 young (1024K), 1 survivors (1024K)
 Metaspace       used 8977K, capacity 9117K, committed 9344K, reserved 1058816K
  class space    used 811K, capacity 876K, committed 896K, reserved 1048576K
}
Event: 0.798 GC heap before
{Heap before GC invocations=1 (full 0):
 garbage-first heap   total 131072K, used 6524K [0x0000000080000000, 0x0000000100000000)
  region size 1024K, 6 young (6144K), 1 survivors (1024K)
 Metaspace       used 9862K, capacity 10006K, committed 10240K, reserved 1058816K
  class space    used 911K, capacity 962K, committed 1024K, reserved 1048576K
}
Event: 0.807 GC heap after
{Heap after GC invocations=2 (full 0):
 garbage-first heap   total 131072K, used 5367K [0x0000000080000000, 0x0000000100000000)
  region size 1024K, 1 young (1024K), 1 survivors (1024K)
 Metaspace       used 9862K, capacity 10006K, committed 10240K, reserved 1058816K
  class space    used 911K, capacity 962K, committed 1024K, reserved 1048576K
}
Event: 3.319 GC heap before
{Heap before GC invocations=2 (full 0):
 garbage-first heap   total 131072K, used 54519K [0x0000000080000000, 0x0000000100000000)
  region size 1024K, 49 young (50176K), 1 survivors (1024K)
 Metaspace       used 18755K, capacity 19304K, committed 19456K, reserved 1067008K
  class space    used 2038K, capacity 2277K, committed 2304K, reserved 1048576K
}
Event: 3.333 GC heap after
{Heap after GC invocations=3 (full 0):
 garbage-first heap   total 131072K, used 7437K [0x0000000080000000, 0x0000000100000000)
  region size 1024K, 4 young (4096K), 4 survivors (4096K)
 Metaspace       used 18755K, capacity 19304K, committed 19456K, reserved 1067008K
  class space    used 2038K, capacity 2277K, committed 2304K, reserved 1048576K
}
Event: 4.189 GC heap before
{Heap before GC invocations=3 (full 0):
 garbage-first heap   total 131072K, used 15629K [0x0000000080000000, 0x0000000100000000)
  region size 1024K, 13 young (13312K), 4 survivors (4096K)
 Metaspace       used 20427K, capacity 21097K, committed 21296K, reserved 1069056K
  class space    used 2283K, capacity 2566K, committed 2608K, reserved 1048576K
}
Event: 4.198 GC heap after
{Heap after GC invocations=4 (full 0):
 garbage-first heap   total 131072K, used 8104K [0x0000000080000000, 0x0000000100000000)
  region size 1024K, 4 young (4096K), 4 survivors (4096K)
 Metaspace       used 20427K, capacity 21097K, committed 21296K, reserved 1069056K
  class space    used 2283K, capacity 2566K, committed 2608K, reserved 1048576K
}

Deoptimization events (10 events):
Event: 2.027 Thread 0x000001c6c29d8000 Uncommon trap: reason=bimorphic_or_optimized_type_check action=maybe_recompile pc=0x000001c6d32fcd10 method=java.util.HashMap.getNode(ILjava/lang/Object;)Ljava/util/HashMap$Node; @ 126 c2
Event: 2.191 Thread 0x000001c6c29d8000 Uncommon trap: reason=class_check action=maybe_recompile pc=0x000001c6d32f8180 method=java.util.HashMap.putVal(ILjava/lang/Object;Ljava/lang/Object;ZZ)Ljava/lang/Object; @ 203 c2
Event: 2.237 Thread 0x000001c6c29d8000 Uncommon trap: reason=unstable_if action=reinterpret pc=0x000001c6d32df80c method=java.util.zip.ZipFile$Source.getEntryPos([BZ)I @ 156 c2
Event: 2.237 Thread 0x000001c6c29d8000 Uncommon trap: reason=unstable_if action=reinterpret pc=0x000001c6d3314dd8 method=java.io.WinNTFileSystem.normalize(Ljava/lang/String;)Ljava/lang/String; @ 128 c2
Event: 2.439 Thread 0x000001c6e1c1d000 Uncommon trap: reason=unstable_if action=reinterpret pc=0x000001c6d3328c70 method=java.util.concurrent.ConcurrentHashMap.putVal(Ljava/lang/Object;Ljava/lang/Object;Z)Ljava/lang/Object; @ 148 c2
Event: 2.457 Thread 0x000001c6c29d8000 Uncommon trap: reason=unstable_if action=reinterpret pc=0x000001c6d3316d28 method=java.util.concurrent.ConcurrentHashMap.addCount(JI)V @ 121 c2
Event: 2.527 Thread 0x000001c6c29d8000 Uncommon trap: reason=unstable_if action=reinterpret pc=0x000001c6d32fd7b0 method=sun.reflect.generics.parser.SignatureParser.current()C @ 39 c2
Event: 3.577 Thread 0x000001c6c29d8000 Uncommon trap: reason=unstable_if action=reinterpret pc=0x000001c6d3306004 method=jdk.internal.org.objectweb.asm.Type.getArgumentsAndReturnSizes(Ljava/lang/String;)I @ 130 c2
Event: 3.939 Thread 0x000001c6c29d8000 Uncommon trap: reason=unstable_if action=reinterpret pc=0x000001c6d3357eb0 method=java.lang.String.indexOf([BBILjava/lang/String;I)I @ 21 c2
Event: 4.526 Thread 0x000001c6c29d8000 Uncommon trap: reason=unstable_if action=reinterpret pc=0x000001c6d333fbd8 method=java.net.URL.<init>(Ljava/net/URL;Ljava/lang/String;Ljava/net/URLStreamHandler;)V @ 347 c2

Classes redefined (0 events):
No events

Internal exceptions (10 events):
Event: 4.127 Thread 0x000001c6c29d8000 Exception <a 'java/lang/NoSuchMethodError'{0x00000000878a7e58}: java.lang.invoke.DirectMethodHandle$Holder.invokeStatic(Ljava/lang/Object;Ljava/lang/Object;Ljava/lang/Object;ILjava/lang/Object;)Ljava/lang/Object;> (0x00000000878a7e58) thrown at [./open/sr
Event: 4.128 Thread 0x000001c6c29d8000 Exception <a 'java/lang/NoSuchMethodError'{0x00000000878aeda8}: java.lang.invoke.Invokers$Holder.linkToTargetMethod(Ljava/lang/Object;Ljava/lang/Object;ILjava/lang/Object;Ljava/lang/Object;)Ljava/lang/Object;> (0x00000000878aeda8) thrown at [./open/src/ho
Event: 4.129 Thread 0x000001c6c29d8000 Exception <a 'java/lang/NoSuchMethodError'{0x00000000878b7220}: java.lang.invoke.DirectMethodHandle$Holder.invokeStatic(Ljava/lang/Object;ILjava/lang/Object;Ljava/lang/Object;)I> (0x00000000878b7220) thrown at [./open/src/hotspot/share/interpreter/linkRes
Event: 4.129 Thread 0x000001c6c29d8000 Exception <a 'java/lang/NoSuchMethodError'{0x00000000878be878}: java.lang.invoke.DirectMethodHandle$Holder.invokeStatic(Ljava/lang/Object;ILjava/lang/Object;)Ljava/lang/Object;> (0x00000000878be878) thrown at [./open/src/hotspot/share/interpreter/linkReso
Event: 4.300 Thread 0x000001c6c29d8000 Exception <a 'java/lang/NoSuchMethodError'{0x0000000087fca688}: java.lang.invoke.DirectMethodHandle$Holder.invokeStaticInit(Ljava/lang/Object;Ljava/lang/Object;)V> (0x0000000087fca688) thrown at [./open/src/hotspot/share/interpreter/linkResolver.cpp, line
Event: 4.570 Thread 0x000001c6e3b02800 Exception <a 'java/lang/NoClassDefFoundError'{0x0000000087ba4178}: javax/validation/Validation> (0x0000000087ba4178) thrown at [./open/src/hotspot/share/classfile/systemDictionary.cpp, line 216]
Event: 4.665 Thread 0x000001c6e3b02800 Exception <a 'java/lang/NoSuchMethodError'{0x0000000087246538}: java.lang.invoke.DirectMethodHandle$Holder.invokeStaticInit(Ljava/lang/Object;Ljava/lang/Object;Ljava/lang/Object;Ljava/lang/Object;Ljava/lang/Object;)Ljava/lang/Object;> (0x0000000087246538)
Event: 4.680 Thread 0x000001c6e3b02800 Exception <a 'java/lang/NoSuchMethodError'{0x0000000087132218}: java.lang.invoke.DirectMethodHandle$Holder.invokeSpecial(Ljava/lang/Object;Ljava/lang/Object;IILjava/lang/Object;Ljava/lang/Object;Ljava/lang/Object;)Ljava/lang/Object;> (0x0000000087132218) 
Event: 4.680 Thread 0x000001c6e3b02800 Exception <a 'java/lang/NoSuchMethodError'{0x00000000871357a0}: java.lang.invoke.DelegatingMethodHandle$Holder.reinvoke_L(Ljava/lang/Object;IILjava/lang/Object;Ljava/lang/Object;Ljava/lang/Object;)Ljava/lang/Object;> (0x00000000871357a0) thrown at [./open
Event: 4.680 Thread 0x000001c6e3b02800 Exception <a 'java/lang/NoSuchMethodError'{0x0000000087139680}: java.lang.invoke.DirectMethodHandle$Holder.invokeStatic(Ljava/lang/Object;Ljava/lang/Object;Ljava/lang/Object;Ljava/lang/Object;I)Ljava/lang/Object;> (0x0000000087139680) thrown at [./open/sr

Events (10 events):
Event: 4.667 loading class jdk/xml/internal/SecuritySupport
Event: 4.667 loading class jdk/xml/internal/SecuritySupport done
Event: 4.669 Executing VM operation: RevokeBias
Event: 4.669 Executing VM operation: RevokeBias done
Event: 4.680 loading class java/lang/invoke/BoundMethodHandle$Species_LI
Event: 4.680 loading class java/lang/invoke/BoundMethodHandle$Species_LI done
Event: 4.681 loading class java/lang/invoke/BoundMethodHandle$Species_LII
Event: 4.681 loading class java/lang/invoke/BoundMethodHandle$Species_LII done
Event: 4.770 loading class java/lang/invoke/BoundMethodHandle$Species_LIIL
Event: 4.770 loading class java/lang/invoke/BoundMethodHandle$Species_LIIL done


Dynamic libraries:
0x00007ff60d310000 - 0x00007ff60d31f000 	C:\Program Files\Java\jdk-11.0.13\bin\java.exe
0x00007ff953670000 - 0x00007ff953865000 	C:\Windows\SYSTEM32\ntdll.dll
0x00007ff9533d0000 - 0x00007ff95348d000 	C:\Windows\System32\KERNEL32.DLL
0x00007ff950d80000 - 0x00007ff95104d000 	C:\Windows\System32\KERNELBASE.dll
0x00007ff9512e0000 - 0x00007ff9513e0000 	C:\Windows\System32\ucrtbase.dll
0x00007ff93a9b0000 - 0x00007ff93a9c8000 	C:\Program Files\Java\jdk-11.0.13\bin\jli.dll
0x00007ff93b130000 - 0x00007ff93b145000 	C:\Program Files\Java\jdk-11.0.13\bin\VCRUNTIME140.dll
0x00007ff953320000 - 0x00007ff9533ce000 	C:\Windows\System32\ADVAPI32.dll
0x00007ff952420000 - 0x00007ff9524be000 	C:\Windows\System32\msvcrt.dll
0x00007ff9530d0000 - 0x00007ff95316c000 	C:\Windows\System32\sechost.dll
0x00007ff951a10000 - 0x00007ff951b35000 	C:\Windows\System32\RPCRT4.dll
0x00007ff953490000 - 0x00007ff953630000 	C:\Windows\System32\USER32.dll
0x00007ff951050000 - 0x00007ff951072000 	C:\Windows\System32\win32u.dll
0x00007ff951c20000 - 0x00007ff951c4a000 	C:\Windows\System32\GDI32.dll
0x00007ff932960000 - 0x00007ff932bfa000 	C:\Windows\WinSxS\amd64_microsoft.windows.common-controls_6595b64144ccf1df_6.0.19041.1110_none_60b5254171f9507e\COMCTL32.dll
0x00007ff951540000 - 0x00007ff95164b000 	C:\Windows\System32\gdi32full.dll
0x00007ff9510d0000 - 0x00007ff95116d000 	C:\Windows\System32\msvcp_win.dll
0x00007ff948480000 - 0x00007ff94848a000 	C:\Windows\SYSTEM32\VERSION.dll
0x00007ff951890000 - 0x00007ff9518c0000 	C:\Windows\System32\IMM32.DLL
0x00007ff92aae0000 - 0x00007ff92ab7b000 	C:\Program Files\Java\jdk-11.0.13\bin\msvcp140.dll
0x00007ff920af0000 - 0x00007ff921603000 	C:\Program Files\Java\jdk-11.0.13\bin\server\jvm.dll
0x00007ff951a00000 - 0x00007ff951a08000 	C:\Windows\System32\PSAPI.DLL
0x00007ff93aa00000 - 0x00007ff93aa09000 	C:\Windows\SYSTEM32\WSOCK32.dll
0x00007ff953170000 - 0x00007ff9531db000 	C:\Windows\System32\WS2_32.dll
0x00007ff92dc40000 - 0x00007ff92dc67000 	C:\Windows\SYSTEM32\WINMM.dll
0x00007ff94ec60000 - 0x00007ff94ec72000 	C:\Windows\SYSTEM32\kernel.appcore.dll
0x00007ff9498f0000 - 0x00007ff949900000 	C:\Program Files\Java\jdk-11.0.13\bin\verify.dll
0x00007ff949600000 - 0x00007ff9497e4000 	C:\Windows\SYSTEM32\DBGHELP.DLL
0x00007ff9495d0000 - 0x00007ff9495fc000 	C:\Windows\SYSTEM32\dbgcore.DLL
0x00007ff951170000 - 0x00007ff9511f2000 	C:\Windows\System32\bcryptPrimitives.dll
0x00007ff93a540000 - 0x00007ff93a568000 	C:\Program Files\Java\jdk-11.0.13\bin\java.dll
0x00007ff93e870000 - 0x00007ff93e87a000 	C:\Program Files\Java\jdk-11.0.13\bin\jimage.dll
0x00007ff93a520000 - 0x00007ff93a536000 	C:\Program Files\Java\jdk-11.0.13\bin\zip.dll
0x00007ff951c50000 - 0x00007ff952394000 	C:\Windows\System32\SHELL32.dll
0x00007ff94ee60000 - 0x00007ff94f5f4000 	C:\Windows\SYSTEM32\windows.storage.dll
0x00007ff952860000 - 0x00007ff952bb4000 	C:\Windows\System32\combase.dll
0x00007ff950630000 - 0x00007ff95065c000 	C:\Windows\SYSTEM32\Wldp.dll
0x00007ff9517e0000 - 0x00007ff95188d000 	C:\Windows\System32\SHCORE.dll
0x00007ff9531e0000 - 0x00007ff953235000 	C:\Windows\System32\shlwapi.dll
0x00007ff950cc0000 - 0x00007ff950cdf000 	C:\Windows\SYSTEM32\profapi.dll
0x00007ff93a4d0000 - 0x00007ff93a4e9000 	C:\Program Files\Java\jdk-11.0.13\bin\net.dll
0x00007ff947e20000 - 0x00007ff947f2a000 	C:\Windows\SYSTEM32\WINHTTP.dll
0x00007ff950410000 - 0x00007ff95047a000 	C:\Windows\system32\mswsock.dll
0x00007ff93a4b0000 - 0x00007ff93a4c2000 	C:\Program Files\Java\jdk-11.0.13\bin\nio.dll
0x00007ff93bc00000 - 0x00007ff93bc09000 	C:\Program Files\Java\jdk-11.0.13\bin\management.dll
0x00007ff93b2f0000 - 0x00007ff93b2fb000 	C:\Program Files\Java\jdk-11.0.13\bin\management_ext.dll
0x00007ff9374a0000 - 0x00007ff9374b7000 	C:\Windows\system32\napinsp.dll
0x00007ff937480000 - 0x00007ff93749b000 	C:\Windows\system32\pnrpnsp.dll
0x00007ff937460000 - 0x00007ff937475000 	C:\Windows\system32\wshbth.dll
0x00007ff94a1b0000 - 0x00007ff94a1cd000 	C:\Windows\system32\NLAapi.dll
0x00007ff950120000 - 0x00007ff95015b000 	C:\Windows\SYSTEM32\IPHLPAPI.DLL
0x00007ff950160000 - 0x00007ff95022b000 	C:\Windows\SYSTEM32\DNSAPI.dll
0x00007ff9518c0000 - 0x00007ff9518c8000 	C:\Windows\System32\NSI.dll
0x00007ff937440000 - 0x00007ff937452000 	C:\Windows\System32\winrnr.dll
0x00007ff947590000 - 0x00007ff94759a000 	C:\Windows\System32\rasadhlp.dll
0x00007ff947cb0000 - 0x00007ff947d30000 	C:\Windows\System32\fwpuclnt.dll
0x00007ff9512b0000 - 0x00007ff9512d7000 	C:\Windows\System32\bcrypt.dll

dbghelp: loaded successfully - version: 4.0.5 - missing functions: none
symbol engine: initialized successfully - sym options: 0x614 - pdb path: .;C:\Program Files\Java\jdk-11.0.13\bin;C:\Windows\SYSTEM32;C:\Windows\WinSxS\amd64_microsoft.windows.common-controls_6595b64144ccf1df_6.0.19041.1110_none_60b5254171f9507e;C:\Program Files\Java\jdk-11.0.13\bin\server

VM Arguments:
java_command: C:\Users\sfjbs\AppData\Local\Temp\surefire12883454451391712874\surefirebooter9150538379399230150.jar C:\Users\sfjbs\AppData\Local\Temp\surefire12883454451391712874 2022-05-24T05-58-19_906-jvmRun1 surefire9167141734109635523tmp surefire_016016563526202370060tmp
java_class_path (initial): C:\Users\sfjbs\AppData\Local\Temp\surefire12883454451391712874\surefirebooter9150538379399230150.jar
Launcher Type: SUN_STANDARD

[Global flags]
     intx CICompilerCount                          = 2                                         {product} {ergonomic}
     uint ConcGCThreads                            = 1                                         {product} {ergonomic}
     uint G1ConcRefinementThreads                  = 2                                         {product} {ergonomic}
   size_t G1HeapRegionSize                         = 1048576                                   {product} {ergonomic}
    uintx GCDrainStackTargetSize                   = 64                                        {product} {ergonomic}
   size_t InitialHeapSize                          = 134217728                                 {product} {ergonomic}
   size_t MarkStackSize                            = 4194304                                   {product} {ergonomic}
   size_t MaxHeapSize                              = 2147483648                                {product} {ergonomic}
   size_t MaxNewSize                               = 1287651328                                {product} {ergonomic}
   size_t MinHeapDeltaBytes                        = 1048576                                   {product} {ergonomic}
    uintx NonNMethodCodeHeapSize                   = 5825164                                {pd product} {ergonomic}
    uintx NonProfiledCodeHeapSize                  = 122916538                              {pd product} {ergonomic}
    uintx ProfiledCodeHeapSize                     = 122916538                              {pd product} {ergonomic}
    uintx ReservedCodeCacheSize                    = 251658240                              {pd product} {ergonomic}
     bool SegmentedCodeCache                       = true                                      {product} {ergonomic}
     bool UseCompressedClassPointers               = true                                 {lp64_product} {ergonomic}
     bool UseCompressedOops                        = true                                 {lp64_product} {ergonomic}
     bool UseG1GC                                  = true                                      {product} {ergonomic}
     bool UseLargePagesIndividualAllocation        = false                                  {pd product} {ergonomic}

Logging:
Log output configuration:
 #0: stdout all=warning uptime,level,tags
 #1: stderr all=off uptime,level,tags

Environment Variables:
PATH=C:/Users/sfjbs/Downloads/sts-4.14.1.RELEASE//plugins/org.eclipse.justj.openjdk.hotspot.jre.full.win32.x86_64_17.0.2.v20220201-1208/jre/bin/server;C:/Users/sfjbs/Downloads/sts-4.14.1.RELEASE//plugins/org.eclipse.justj.openjdk.hotspot.jre.full.win32.x86_64_17.0.2.v20220201-1208/jre/bin;C:\Program Files\Common Files\Oracle\Java\javapath;C:\Windows\system32;C:\Windows;C:\Windows\System32\Wbem;C:\Windows\System32\WindowsPowerShell\v1.0\;C:\Windows\System32\OpenSSH\;C:\Users\sfjbs\Downloads\javamicro-20220514T185725Z-001\javamicro\apache-maven-3.8.5-bin\apache-maven-3.8.5\bin;C:\Users\sfjbs\Downloads\javamicro-20220514T185725Z-001\javamicro\apache-maven-3.8.5-bin\apache-maven-3.8.5\lib;C:\Program Files\Git\cmd;C:\Program Files\Docker\Docker\resources\bin;C:\ProgramData\DockerDesktop\version-bin;C:\Users\sfjbs\AppData\Local\Microsoft\WindowsApps;C:\Users\sfjbs\Downloads\javamicro-20220514T185725Z-001\javamicro\apache-maven-3.8.5-bin\apache-maven-3.8.5\bin;C:\Users\sfjbs\Downloads\javamicro-20220514T185725Z-001\javamicro\apache-maven-3.8.5-bin\apache-maven-3.8.5\lib;;C:\Program Files\JetBrains\IntelliJ IDEA Community Edition 2021.3.3\bin;;C:\Users\sfjbs\Downloads\sts-4.14.1.RELEASE;
USERNAME=sfjbs
OS=Windows_NT
PROCESSOR_IDENTIFIER=Intel64 Family 6 Model 85 Stepping 4, GenuineIntel



---------------  S Y S T E M  ---------------

OS: Windows 10 , 64 bit Build 19041 (10.0.19041.1706)
Hyper-V role detected

CPU:total 2 (initial active 2) (1 cores per cpu, 2 threads per core) family 6 model 85 stepping 4 microcode 0xffffffff, cmov, cx8, fxsr, mmx, sse, sse2, sse3, ssse3, sse4.1, sse4.2, popcnt, avx, avx2, aes, clmul, erms, rtm, 3dnowpref, lzcnt, ht, tsc, bmi1, bmi2, adx, fma

Memory: 4k page, system-wide physical 8190M (448M free)
TotalPageFile size 10238M (AvailPageFile size 5M)
current process WorkingSet (physical memory assigned to process): 137M, peak: 137M
current process commit charge ("private bytes"): 237M, peak: 238M

vm_info: Java HotSpot(TM) 64-Bit Server VM (11.0.13+10-LTS-370) for windows-amd64 JRE (11.0.13+10-LTS-370), built on Sep 15 2021 22:10:36 by "mach5one" with MS VC++ 15.9 (VS2017)

END.
